<?xml version="1.0" encoding="UTF-8"?>
<testsuite xmlns:xsi="http://www.w3.org/2001/XMLSchema-instance" xsi:noNamespaceSchemaLocation="https://maven.apache.org/surefire/maven-surefire-plugin/xsd/surefire-test-report-3.0.xsd" version="3.0" name="com.group15.AutomatedHydroponicsSystem.AutomatedHydroponicsSystemApplicationTests" time="11.057" tests="1" errors="0" skipped="0" failures="0">
  <properties>
[...]
</properties>
  <testcase name="contextLoads" classname="com.group15.AutomatedHydroponicsSystem.AutomatedHydroponicsSystemApplicationTests" time="0.734">
    <system-out><![CDATA[23:21:40.852 [main] INFO org.springframework.test.context.support.AnnotationConfigContextLoaderUtils -- Could not detect default configuration classes for test class [com.group15.AutomatedHydroponicsSystem.AutomatedHydroponicsSystemApplicationTests]: AutomatedHydroponicsSystemApplicationTests does not declare any static, non-private, non-final, nested classes annotated with @Configuration.
23:21:41.072 [main] INFO org.springframework.boot.test.context.SpringBootTestContextBootstrapper -- Found @SpringBootConfiguration com.group15.AutomatedHydroponicsSystem.AutomatedHydroponicsSystemApplication for test class com.group15.AutomatedHydroponicsSystem.AutomatedHydroponicsSystemApplicationTests

  .   ____          _            __ _ _
 /\\ / ___'_ __ _ _(_)_ __  __ _ \ \ \ \
( ( )\___ | '_ | '_| | '_ \/ _` | \ \ \ \
 \\/  ___)| |_)| | | | | || (_| |  ) ) ) )
  '  |____| .__|_| |_|_| |_\__, | / / / /
 =========|_|==============|___/=/_/_/_/
 :: Spring Boot ::                (v3.1.7)

2024-01-19T23:21:41.802+05:30  INFO 9856 --- [           main] tomatedHydroponicsSystemApplicationTests : Starting AutomatedHydroponicsSystemApplicationTests using Java 18.0.1.1 with PID 9856 (started by DELL in E:\Deployment\Spring_app_deployment\Spring_App_Deployment)
2024-01-19T23:21:41.804+05:30  INFO 9856 --- [           main] tomatedHydroponicsSystemApplicationTests : No active profile set, falling back to 1 default profile: "default"
2024-01-19T23:21:42.968+05:30  INFO 9856 --- [           main] .s.d.r.c.RepositoryConfigurationDelegate : Bootstrapping Spring Data JPA repositories in DEFAULT mode.
2024-01-19T23:21:43.132+05:30  INFO 9856 --- [           main] .s.d.r.c.RepositoryConfigurationDelegate : Finished Spring Data repository scanning in 138 ms. Found 4 JPA repository interfaces.
2024-01-19T23:21:43.998+05:30  INFO 9856 --- [           main] o.hibernate.jpa.internal.util.LogHelper  : HHH000204: Processing PersistenceUnitInfo [name: default]
2024-01-19T23:21:44.238+05:30  INFO 9856 --- [           main] org.hibernate.Version                    : HHH000412: Hibernate ORM core version 6.2.17.Final
2024-01-19T23:21:44.246+05:30  INFO 9856 --- [           main] org.hibernate.cfg.Environment            : HHH000406: Using bytecode reflection optimizer
2024-01-19T23:21:45.210+05:30  INFO 9856 --- [           main] o.s.o.j.p.SpringPersistenceUnitInfo      : No LoadTimeWeaver setup: ignoring JPA class transformer
2024-01-19T23:21:45.255+05:30  INFO 9856 --- [           main] com.zaxxer.hikari.HikariDataSource       : HikariPool-1 - Starting...
2024-01-19T23:21:45.959+05:30  INFO 9856 --- [           main] com.zaxxer.hikari.pool.HikariPool        : HikariPool-1 - Added connection com.mysql.cj.jdbc.ConnectionImpl@15f861ee
2024-01-19T23:21:45.962+05:30  INFO 9856 --- [           main] com.zaxxer.hikari.HikariDataSource       : HikariPool-1 - Start completed.
2024-01-19T23:21:46.070+05:30  WARN 9856 --- [           main] org.hibernate.orm.deprecation            : HHH90000025: MySQLDialect does not need to be specified explicitly using 'hibernate.dialect' (remove the property setting and it will be selected by default)
2024-01-19T23:21:46.555+05:30  INFO 9856 --- [           main] o.hibernate.id.enhanced.TableGenerator   : HHH000398: Explicit segment value for id generator [hibernate_sequences.sequence_name] suggested; using default [default]
2024-01-19T23:21:47.489+05:30  INFO 9856 --- [           main] o.h.e.t.j.p.i.JtaPlatformInitiator       : HHH000489: No JTA platform available (set 'hibernate.transaction.jta.platform' to enable JTA platform integration)
2024-01-19T23:21:47.661+05:30  INFO 9856 --- [           main] j.LocalContainerEntityManagerFactoryBean : Initialized JPA EntityManagerFactory for persistence unit 'default'
2024-01-19T23:21:48.320+05:30  INFO 9856 --- [           main] o.s.d.j.r.query.QueryEnhancerFactory     : Hibernate is in classpath; If applicable, HQL parser will be used.
2024-01-19T23:21:49.366+05:30  WARN 9856 --- [           main] JpaBaseConfiguration$JpaWebConfiguration : spring.jpa.open-in-view is enabled by default. Therefore, database queries may be performed during view rendering. Explicitly configure spring.jpa.open-in-view to disable this warning
2024-01-19T23:21:50.072+05:30  INFO 9856 --- [           main] o.s.s.web.DefaultSecurityFilterChain     : Will secure any request with [org.springframework.security.web.session.DisableEncodeUrlFilter@76480730, org.springframework.security.web.context.request.async.WebAsyncManagerIntegrationFilter@405a296e, org.springframework.security.web.context.SecurityContextHolderFilter@256a25a8, org.springframework.security.web.header.HeaderWriterFilter@27aa700, org.springframework.security.web.authentication.logout.LogoutFilter@4ce66169, com.group15.AutomatedHydroponicsSystem.config.JwtAuthenticationFilter@68c06a2, org.springframework.security.web.savedrequest.RequestCacheAwareFilter@5bd585a5, org.springframework.security.web.servletapi.SecurityContextHolderAwareRequestFilter@11736ebc, org.springframework.security.web.authentication.AnonymousAuthenticationFilter@77198cce, org.springframework.security.web.session.SessionManagementFilter@9c88323, org.springframework.security.web.access.ExceptionTranslationFilter@60a3a0fa, org.springframework.security.web.access.intercept.AuthorizationFilter@40f40221]
2024-01-19T23:21:50.722+05:30  INFO 9856 --- [           main] tomatedHydroponicsSystemApplicationTests : Started AutomatedHydroponicsSystemApplicationTests in 9.334 seconds (process running for 11.535)
]]></system-out>
  </testcase>
</testsuite>